<?xml version="1.0" encoding="UTF-8"?>
<!-- Generated by org.testng.reporters.JUnitReportReporter -->
<testsuite hostname="KANINI-LTP-814" failures="0" tests="1" name="testCases.TC_001_ApplicationLogin" time="20.005" errors="0" timestamp="2023-10-10T19:16:29 IST" skipped="0">
  <testcase classname="testCases.TC_001_ApplicationLogin" name="testLogin" time="20.005"/>
</testsuite> <!-- testCases.TC_001_ApplicationLogin -->
