<?xml version="1.0" encoding="UTF-8"?>
<!-- Generated by org.testng.reporters.JUnitReportReporter -->
<testsuite hostname="KANINI-LTP-814" failures="0" tests="1" name="testCases.TC_001_launchApplication" time="17.194" errors="0" timestamp="2023-09-20T18:06:59 IST" skipped="0">
  <testcase classname="testCases.TC_001_launchApplication" name="testLogin" time="17.194"/>
</testsuite> <!-- testCases.TC_001_launchApplication -->
